SEGGER J-Link GDB Server V8.10c LogFile
Logging started @ 2024-12-11 12:37
03-00000000-00-00000000-01AA: -----GDB Server start settings-----
GDBInit file:                  none
GDB Server Listening port:     2331
SWO raw output listening port: 2332
Terminal I/O port:             2333
Accept remote connection:      yes
Generate logfile:              off
Verify download:               off
Init regs on start:            off
Silent mode:                   off
Single run mode:               off
Target connection timeout:     0 ms

03-00000000-00-00000000-0171: ------J-Link related settings------
J-Link Host interface:         USB
J-Link script:                 none
J-Link settings file:          none
------Target related settings------
Target device:                 ATSAM3X8E
Target device parameters:      none
Target interface:              JTAG
Target interface speed:        4000kHz
Target endian:                 little

03-00000000-00-00000000-0001: 

03-00000000-00-00000000-0018: Connecting to J-Link...

02-00000000-00-00000010-0049: TE92006C0 000:011.774   Firmware: J-Link V9 compiled May  7 2021 16:26:12
02-00000000-00-00000011-0049: TE92006C0 000:012.214   Firmware: J-Link V9 compiled May  7 2021 16:26:12
02-00000000-00-00000011-003E: TE92006C0 000:012.330   Decompressing FW timestamp took 104 us
02-00000000-00-00000016-0027: TE92006C0 000:017.702   Hardware: V9.60
02-00000000-00-00000016-0025: TE92006C0 000:017.728   S/N: 69650504
02-00000000-00-00000016-0023: TE92006C0 000:017.731   OEM: SEGGER
02-00000000-00-00000016-0046: TE92006C0 000:017.734   Feature(s): RDI, GDB, FlashDL, FlashBP, JFlash
02-00000000-00-00000017-0041: TE92006C0 000:018.119   Bootloader: (FW returned invalid version)
02-00000000-00-00000018-0043: TE92006C0 000:019.879   TELNET listener socket opened on port 19021
02-00000000-00-00000018-004A: TE92006C0 000:019.990   WEBSRV WEBSRV_Init(): Starting webserver thread(s)
02-00000000-00-00000019-0054: TE92006C0 000:020.018   WEBSRV Failed to put socket into listener state (port 19080)
02-00000000-00-00000019-0044: TE92006C0 000:020.069   WEBSRV Webserver running on local port 19081
02-00000000-00-00000019-0067: TE92006C0 000:020.085   Looking for J-Link GUI Server exe at: /opt/SEGGER/JLink_V810c/JLinkGUIServerExe
02-00000000-00-00000019-005C: TE92006C0 000:020.094   Forking J-Link GUI Server: /opt/SEGGER/JLink_V810c/JLinkGUIServerExe
02-00000000-00-00000019-004B: TE92006C0 000:020.490   J-Link GUI Server info: "J-Link GUI server V8.10c "
02-00000000-00-00000019-002F: TE92006C0 000:020.689 - 19.110ms returns "O.K."
03-00000000-00-00000019-0015: J-Link is connected.

02-00000000-00-00000019-0044: TE92006C0 000:020.757 JLINK_DEVICE_GetIndex(sDeviceName = ATSAM3X8E)
02-00000000-00-00000032-002D: TE92006C0 000:033.708 - 12.950ms returns 2835
02-00000000-00-00000032-003E: TE92006C0 000:033.741 JLINK_DEVICE_GetInfo(DeviceIndex = 2835)
02-00000000-00-00000032-0029: TE92006C0 000:033.752 - 0.011ms returns 0
02-00000000-00-00000032-0044: TE92006C0 000:033.759 JLINK_ExecCommand("device = ATSAM3X8E", ...). 
02-00000000-00-00000035-0034: TE92006C0 000:036.398   Device "ATSAM3X8E" selected.
02-00000000-00-00000037-002C: TE92006C0 000:038.006 - 4.241ms returns 0x00
02-00000000-00-00000037-0032: TE92006C0 000:038.046 JLINK_GetFirmwareString(...)
02-00000000-00-00000037-001F: TE92006C0 000:038.053 - 0.007ms
03-00000000-00-00000037-0032: Firmware: J-Link V9 compiled May  7 2021 16:26:12

02-00000000-00-00000037-0030: TE92006C0 000:038.073 JLINK_GetHardwareVersion()
02-00000000-00-00000037-002D: TE92006C0 000:038.079 - 0.005ms returns 96000
03-00000000-00-00000037-0010: Hardware: V9.60

02-00000000-00-00000037-0023: TE92006C0 000:038.090 JLINK_GetSN()
02-00000000-00-00000037-0030: TE92006C0 000:038.095 - 0.004ms returns 69650504
02-00000000-00-00000037-002D: TE92006C0 000:038.099 JLINK_GetOEMString(...)
03-00000000-00-00000037-000E: S/N: 69650504

03-00000000-00-00000037-002F: Feature(s): RDI, GDB, FlashDL, FlashBP, JFlash

02-00000000-00-00000037-002C: TE92006C0 000:038.117 JLINK_GetHWStatus(...)
02-00000000-00-00000037-0029: TE92006C0 000:038.336 - 0.218ms returns 0
02-00000000-00-00000037-002D: TE92006C0 000:038.362 JLINK_EnableSoftBPs(ON)
02-00000000-00-00000037-001F: TE92006C0 000:038.367 - 0.006ms
03-00000000-00-00000037-001B: Checking target voltage...

03-00000000-00-00000037-0017: Target voltage: 3.29 V

03-00000000-00-00000037-002D: ERROR: Failed to listen at socket (Err = -1)

03-00000000-00-00000037-0029: ERROR: Failed to open listener port 2331

03-00000000-00-00000047-0038: Restoring target state and closing J-Link connection...

02-00000000-00-00000047-0024: TE92006C0 000:048.531 JLINK_IsOpen()
02-00000000-00-00000047-002C: TE92006C0 000:048.544 - 0.014ms returns 0x01
02-00000000-00-00000049-0023: TE92006C0 000:050.438 JLINK_Close()
03-00000000-00-00000050-0011: Shutting down...

